0 info it worked if it ends with ok
1 verbose cli [ '/usr/bin/node',
1 verbose cli   '/usr/bin/npm',
1 verbose cli   'install',
1 verbose cli   '--save',
1 verbose cli   'https://sdk.accountkit.com/en_UW/sdk.js' ]
2 info using npm@3.5.2
3 info using node@v8.10.0
4 silly loadCurrentTree Starting
5 silly install loadCurrentTree
6 silly install readLocalPackageData
7 silly fetchPackageMetaData https://sdk.accountkit.com/en_UW/sdk.js
8 silly fetchOtherPackageData https://sdk.accountkit.com/en_UW/sdk.js
9 silly cache add args [ 'https://sdk.accountkit.com/en_UW/sdk.js', null ]
10 verbose cache add spec https://sdk.accountkit.com/en_UW/sdk.js
11 silly cache add parsed spec Result {
11 silly cache add   raw: 'https://sdk.accountkit.com/en_UW/sdk.js',
11 silly cache add   scope: null,
11 silly cache add   name: null,
11 silly cache add   rawSpec: 'https://sdk.accountkit.com/en_UW/sdk.js',
11 silly cache add   spec: 'https://sdk.accountkit.com/en_UW/sdk.js',
11 silly cache add   type: 'remote' }
12 silly mapToRegistry name https://sdk.accountkit.com/en_UW/sdk.js
13 silly mapToRegistry using default registry
14 silly mapToRegistry registry https://registry.npmjs.org/
15 silly mapToRegistry uri https://sdk.accountkit.com/en_UW/sdk.js
16 verbose addRemoteTarball https://sdk.accountkit.com/en_UW/sdk.js not in flight; adding
17 verbose addRemoteTarball [ 'https://sdk.accountkit.com/en_UW/sdk.js', null ]
18 info retry fetch attempt 1 at 13:02:00
19 info attempt registry request try #1 at 13:02:00
20 http fetch GET https://sdk.accountkit.com/en_UW/sdk.js
21 verbose request id a8149353bea950e7
22 http fetch 200 https://sdk.accountkit.com/en_UW/sdk.js
23 silly fetchAndShaCheck shasum 3f15121ae6c5afd8510f1c637dcfff0cbd84934d
24 verbose addTmpTarball /tmp/npm-14980-5131391e/sdk.accountkit.com/en_UW/sdk.js not in flight; adding
25 verbose addTmpTarball validating metadata from /tmp/npm-14980-5131391e/sdk.accountkit.com/en_UW/sdk.js
26 verbose tar unpack /tmp/npm-14980-5131391e/sdk.accountkit.com/en_UW/sdk.js
27 verbose tar unpacking to /tmp/npm-14980-5131391e/unpack-7ca80a99
28 silly gentlyRm /tmp/npm-14980-5131391e/unpack-7ca80a99 is being purged
29 verbose gentlyRm don't care about contents; nuking /tmp/npm-14980-5131391e/unpack-7ca80a99
30 silly gunzTarPerm modes [ '775', '664' ]
31 error not a package /tmp/npm-14980-5131391e/sdk.accountkit.com/en_UW/sdk.js
32 silly fetchPackageMetaData Error: ENOENT: no such file or directory, open '/tmp/npm-14980-5131391e/unpack-7ca80a99/package.json'
32 silly fetchPackageMetaData  error for https://sdk.accountkit.com/en_UW/sdk.js { Error: ENOENT: no such file or directory, open '/tmp/npm-14980-5131391e/unpack-7ca80a99/package.json'
32 silly fetchPackageMetaData   errno: -2,
32 silly fetchPackageMetaData   code: 'ENOENT',
32 silly fetchPackageMetaData   syscall: 'open',
32 silly fetchPackageMetaData   path: '/tmp/npm-14980-5131391e/unpack-7ca80a99/package.json' }
33 silly rollbackFailedOptional Starting
34 silly rollbackFailedOptional Finishing
35 silly runTopLevelLifecycles Starting
36 silly runTopLevelLifecycles Finishing
37 silly install printInstalled
38 verbose stack Error: ENOENT: no such file or directory, open '/tmp/npm-14980-5131391e/unpack-7ca80a99/package.json'
39 verbose cwd /home/lauti337r/PhpstormProjects/Bookstore
40 error Linux 4.15.0-33-generic
41 error argv "/usr/bin/node" "/usr/bin/npm" "install" "--save" "https://sdk.accountkit.com/en_UW/sdk.js"
42 error node v8.10.0
43 error npm  v3.5.2
44 error path /tmp/npm-14980-5131391e/unpack-7ca80a99/package.json
45 error code ENOENT
46 error errno -2
47 error syscall open
48 error enoent ENOENT: no such file or directory, open '/tmp/npm-14980-5131391e/unpack-7ca80a99/package.json'
49 error enoent ENOENT: no such file or directory, open '/tmp/npm-14980-5131391e/unpack-7ca80a99/package.json'
49 error enoent This is most likely not a problem with npm itself
49 error enoent and is related to npm not being able to find a file.
50 verbose exit [ -2, true ]
